2026-03-03 15:46:12,604 | INFO | Reading: C:\Users\Administrator\Desktop\KursMaterial\07-\Aufgaben\Data Cleaning\data\data.csv
2026-03-03 15:46:12,820 | INFO | Columns: ['Order ID', 'Product', 'Quantity Ordered', 'Price Each', 'Order Date', 'Purchase Address']
2026-03-03 15:46:12,820 | INFO | Rows in: 186850
2026-03-03 15:46:12,862 | INFO | [1/6] drop_empty_rows: 186850 -> 186305 (removed 545)
2026-03-03 15:46:12,880 | INFO | [2/6] remove_repeated_header_rows: 186305 -> 185950 (removed 355)
2026-03-03 15:46:12,964 | INFO | [3/6] cast_numeric: 185950 -> 185950 (removed 0)
2026-03-03 15:46:17,973 | INFO | [4/6] cast_datetime: 185950 -> 185950 (removed 0)
2026-03-03 15:46:18,006 | INFO | [5/6] drop_na_after_cast: 185950 -> 185950 (removed 0)
2026-03-03 15:46:18,089 | INFO | [6/6] drop_duplicates: 185950 -> 185686 (removed 264)
2026-03-03 15:46:18,543 | INFO | Saved: C:\Users\Administrator\Desktop\KursMaterial\07-\Aufgaben\Data Cleaning\data\cleaned_data.csv
2026-03-03 15:46:18,544 | INFO | Rows out: 185686
2026-03-03 15:46:31,713 | INFO | Reading: C:\Users\Administrator\Desktop\KursMaterial\07-\Aufgaben\Data Cleaning\data\data.csv
2026-03-03 15:46:31,923 | INFO | Columns: ['Order ID', 'Product', 'Quantity Ordered', 'Price Each', 'Order Date', 'Purchase Address']
2026-03-03 15:46:31,924 | INFO | Rows in: 186850
2026-03-03 15:46:31,962 | INFO | [1/6] drop_empty_rows: 186850 -> 186305 (removed 545)
2026-03-03 15:46:31,979 | INFO | [2/6] remove_repeated_header_rows: 186305 -> 185950 (removed 355)
2026-03-03 15:46:32,063 | INFO | [3/6] cast_numeric: 185950 -> 185950 (removed 0)
2026-03-03 15:46:37,027 | INFO | [4/6] cast_datetime: 185950 -> 185950 (removed 0)
2026-03-03 15:46:37,059 | INFO | [5/6] drop_na_after_cast: 185950 -> 185950 (removed 0)
2026-03-03 15:46:37,136 | INFO | [6/6] drop_duplicates: 185950 -> 185686 (removed 264)
2026-03-03 15:46:37,609 | INFO | Saved: C:\Users\Administrator\Desktop\KursMaterial\07-\Aufgaben\Data Cleaning\data\cleaned_data.csv
2026-03-03 15:46:37,609 | INFO | Rows out: 185686
2026-03-03 16:53:11,127 | INFO | Reading: C:\Users\Administrator\Desktop\KursMaterial\07-\Aufgaben\Data Cleaning\data\data.csv
2026-03-03 16:53:11,333 | INFO | Columns: ['Order ID', 'Product', 'Quantity Ordered', 'Price Each', 'Order Date', 'Purchase Address']
2026-03-03 16:53:11,334 | INFO | Rows in: 186850
2026-03-03 16:53:11,367 | INFO | [1/6] drop_empty_rows: 186850 -> 186305 (removed 545)
2026-03-03 16:53:11,385 | INFO | [2/6] remove_repeated_header_rows: 186305 -> 185950 (removed 355)
2026-03-03 16:53:11,461 | INFO | [3/6] cast_numeric: 185950 -> 185950 (removed 0)
2026-03-03 16:53:16,082 | INFO | [4/6] cast_datetime: 185950 -> 185950 (removed 0)
2026-03-03 16:53:16,110 | INFO | [5/6] drop_na_after_cast: 185950 -> 185950 (removed 0)
2026-03-03 16:53:16,181 | INFO | [6/6] drop_duplicates: 185950 -> 185686 (removed 264)
2026-03-03 16:53:16,606 | INFO | Saved: C:\Users\Administrator\Desktop\KursMaterial\07-\Aufgaben\Data Cleaning\data\cleaned_data.csv
2026-03-03 16:53:16,606 | INFO | Rows out: 185686
2026-03-04 14:01:20,782 | INFO | Reading: C:\Users\Administrator\Desktop\KursMaterial\07-\Aufgaben\Data Cleaning\data\data.csv
2026-03-04 14:01:21,006 | INFO | Columns: ['Order ID', 'Product', 'Quantity Ordered', 'Price Each', 'Order Date', 'Purchase Address']
2026-03-04 14:01:21,007 | INFO | Rows in: 186850
2026-03-04 14:01:21,045 | INFO | [1/6] drop_empty_rows: 186850 -> 186305 (removed 545)
2026-03-04 14:01:21,065 | INFO | [2/6] remove_repeated_header_rows: 186305 -> 185950 (removed 355)
2026-03-04 14:01:21,153 | INFO | [3/6] cast_numeric: 185950 -> 185950 (removed 0)
2026-03-04 14:01:26,128 | INFO | [4/6] cast_datetime: 185950 -> 185950 (removed 0)
2026-03-04 14:01:26,159 | INFO | [5/6] drop_na_after_cast: 185950 -> 185950 (removed 0)
2026-03-04 14:01:26,242 | INFO | [6/6] drop_duplicates: 185950 -> 185686 (removed 264)
2026-03-04 14:01:26,700 | INFO | Saved: C:\Users\Administrator\Desktop\KursMaterial\07-\Aufgaben\Data Cleaning\data\cleaned_data.csv
2026-03-04 14:01:26,700 | INFO | Rows out: 185686
2026-03-04 14:24:37,123 | INFO | Reading: C:\Users\Administrator\Desktop\KursMaterial\07-\Aufgaben\Data Cleaning\data\data.csv
2026-03-04 14:24:37,327 | INFO | Columns: ['Order ID', 'Product', 'Quantity Ordered', 'Price Each', 'Order Date', 'Purchase Address']
2026-03-04 14:24:37,328 | INFO | Rows in: 186850
2026-03-04 14:24:37,362 | INFO | [1/6] drop_empty_rows: 186850 -> 186305 (removed 545)
2026-03-04 14:24:37,380 | INFO | [2/6] remove_repeated_header_rows: 186305 -> 185950 (removed 355)
2026-03-04 14:24:37,461 | INFO | [3/6] cast_numeric: 185950 -> 185950 (removed 0)
2026-03-04 14:24:37,725 | INFO | [4/6] cast_datetime: 185950 -> 185950 (removed 0)
2026-03-04 14:24:37,755 | INFO | [5/6] drop_na_after_cast: 185950 -> 185950 (removed 0)
2026-03-04 14:24:37,822 | INFO | [6/6] drop_duplicates: 185950 -> 185686 (removed 264)
2026-03-04 14:24:38,283 | INFO | Saved: C:\Users\Administrator\Desktop\KursMaterial\07-\Aufgaben\Data Cleaning\data\cleaned_data.csv
2026-03-04 14:24:38,283 | INFO | Rows out: 185686
2026-03-05 13:17:28,605 | INFO | Reading: C:\Users\Administrator\Desktop\KursMaterial\07-\Aufgaben\Data Cleaning\data\data.csv
2026-03-05 13:17:28,830 | INFO | Columns: ['Order ID', 'Product', 'Quantity Ordered', 'Price Each', 'Order Date', 'Purchase Address']
2026-03-05 13:17:28,830 | INFO | Rows in: 186850
2026-03-05 13:17:28,868 | INFO | [1/6] drop_empty_rows: 186850 -> 186305 (removed 545)
2026-03-05 13:17:28,886 | INFO | [2/6] remove_repeated_header_rows: 186305 -> 185950 (removed 355)
2026-03-05 13:17:28,972 | INFO | [3/6] cast_numeric: 185950 -> 185950 (removed 0)
2026-03-05 13:17:29,257 | INFO | [4/6] cast_datetime: 185950 -> 185950 (removed 0)
2026-03-05 13:17:29,294 | INFO | [5/6] drop_na_after_cast: 185950 -> 185950 (removed 0)
2026-03-05 13:17:29,374 | INFO | [6/6] drop_duplicates: 185950 -> 185686 (removed 264)
2026-03-05 13:17:29,836 | INFO | Saved: C:\Users\Administrator\Desktop\KursMaterial\07-\Aufgaben\Data Cleaning\data\cleaned_data.csv
2026-03-05 13:17:29,836 | INFO | Rows out: 185686
